Performing C SOURCE FILE Test CMAKE_HAVE_LIBC_PTHREAD failed with the following output:
Change Dir: /home/gaurav/fetch_ws/build/CMakeFiles/CMakeTmp

Run Build Command(s):/usr/bin/make cmTC_8ff11/fast && /usr/bin/make -f CMakeFiles/cmTC_8ff11.dir/build.make CMakeFiles/cmTC_8ff11.dir/build
make[1]: Entering directory '/home/gaurav/fetch_ws/build/CMakeFiles/CMakeTmp'
Building C object CMakeFiles/cmTC_8ff11.dir/src.c.o
/usr/bin/cc   -DCMAKE_HAVE_LIBC_PTHREAD   -o CMakeFiles/cmTC_8ff11.dir/src.c.o   -c /home/gaurav/fetch_ws/build/CMakeFiles/CMakeTmp/src.c
Linking C executable cmTC_8ff11
/usr/bin/cmake -E cmake_link_script CMakeFiles/cmTC_8ff11.dir/link.txt --verbose=1
/usr/bin/cc  -DCMAKE_HAVE_LIBC_PTHREAD    -rdynamic CMakeFiles/cmTC_8ff11.dir/src.c.o  -o cmTC_8ff11 
/usr/bin/ld: CMakeFiles/cmTC_8ff11.dir/src.c.o: in function `main':
src.c:(.text+0x46): undefined reference to `pthread_create'
/usr/bin/ld: src.c:(.text+0x52): undefined reference to `pthread_detach'
/usr/bin/ld: src.c:(.text+0x63): undefined reference to `pthread_join'
collect2: error: ld returned 1 exit status
make[1]: *** [CMakeFiles/cmTC_8ff11.dir/build.make:87: cmTC_8ff11] Error 1
make[1]: Leaving directory '/home/gaurav/fetch_ws/build/CMakeFiles/CMakeTmp'
make: *** [Makefile:121: cmTC_8ff11/fast] Error 2


Source file was:
#include <pthread.h>

void* test_func(void* data)
{
  return data;
}

int main(void)
{
  pthread_t thread;
  pthread_create(&thread, NULL, test_func, NULL);
  pthread_detach(thread);
  pthread_join(thread, NULL);
  pthread_atfork(NULL, NULL, NULL);
  pthread_exit(NULL);

  return 0;
}

Determining if the function pthread_create exists in the pthreads failed with the following output:
Change Dir: /home/gaurav/fetch_ws/build/CMakeFiles/CMakeTmp

Run Build Command(s):/usr/bin/make cmTC_62297/fast && /usr/bin/make -f CMakeFiles/cmTC_62297.dir/build.make CMakeFiles/cmTC_62297.dir/build
make[1]: Entering directory '/home/gaurav/fetch_ws/build/CMakeFiles/CMakeTmp'
Building C object CMakeFiles/cmTC_62297.dir/CheckFunctionExists.c.o
/usr/bin/cc   -DCHECK_FUNCTION_EXISTS=pthread_create   -o CMakeFiles/cmTC_62297.dir/CheckFunctionExists.c.o   -c /usr/share/cmake-3.16/Modules/CheckFunctionExists.c
Linking C executable cmTC_62297
/usr/bin/cmake -E cmake_link_script CMakeFiles/cmTC_62297.dir/link.txt --verbose=1
/usr/bin/cc  -DCHECK_FUNCTION_EXISTS=pthread_create    -rdynamic CMakeFiles/cmTC_62297.dir/CheckFunctionExists.c.o  -o cmTC_62297  -lpthreads 
/usr/bin/ld: cannot find -lpthreads
collect2: error: ld returned 1 exit status
make[1]: *** [CMakeFiles/cmTC_62297.dir/build.make:87: cmTC_62297] Error 1
make[1]: Leaving directory '/home/gaurav/fetch_ws/build/CMakeFiles/CMakeTmp'
make: *** [Makefile:121: cmTC_62297/fast] Error 2



Determining if the function sgemm_ exists failed with the following output:
Change Dir: /home/gaurav/fetch_ws/build/CMakeFiles/CMakeTmp

Run Build Command(s):/usr/bin/make cmTC_8473f/fast && /usr/bin/make -f CMakeFiles/cmTC_8473f.dir/build.make CMakeFiles/cmTC_8473f.dir/build
make[1]: Entering directory '/home/gaurav/fetch_ws/build/CMakeFiles/CMakeTmp'
Building C object CMakeFiles/cmTC_8473f.dir/CheckFunctionExists.c.o
/usr/bin/cc   -DCHECK_FUNCTION_EXISTS=sgemm_   -o CMakeFiles/cmTC_8473f.dir/CheckFunctionExists.c.o   -c /usr/share/cmake-3.16/Modules/CheckFunctionExists.c
Linking C executable cmTC_8473f
/usr/bin/cmake -E cmake_link_script CMakeFiles/cmTC_8473f.dir/link.txt --verbose=1
/usr/bin/cc  -DCHECK_FUNCTION_EXISTS=sgemm_    -rdynamic CMakeFiles/cmTC_8473f.dir/CheckFunctionExists.c.o  -o cmTC_8473f 
/usr/bin/ld: CMakeFiles/cmTC_8473f.dir/CheckFunctionExists.c.o: in function `main':
CheckFunctionExists.c:(.text+0x14): undefined reference to `sgemm_'
collect2: error: ld returned 1 exit status
make[1]: *** [CMakeFiles/cmTC_8473f.dir/build.make:87: cmTC_8473f] Error 1
make[1]: Leaving directory '/home/gaurav/fetch_ws/build/CMakeFiles/CMakeTmp'
make: *** [Makefile:121: cmTC_8473f/fast] Error 2



Determining if the function cheev_ exists failed with the following output:
Change Dir: /home/gaurav/fetch_ws/build/CMakeFiles/CMakeTmp

Run Build Command(s):/usr/bin/make cmTC_2da0a/fast && /usr/bin/make -f CMakeFiles/cmTC_2da0a.dir/build.make CMakeFiles/cmTC_2da0a.dir/build
make[1]: Entering directory '/home/gaurav/fetch_ws/build/CMakeFiles/CMakeTmp'
Building C object CMakeFiles/cmTC_2da0a.dir/CheckFunctionExists.c.o
/usr/bin/cc   -DCHECK_FUNCTION_EXISTS=cheev_   -o CMakeFiles/cmTC_2da0a.dir/CheckFunctionExists.c.o   -c /usr/share/cmake-3.16/Modules/CheckFunctionExists.c
Linking C executable cmTC_2da0a
/usr/bin/cmake -E cmake_link_script CMakeFiles/cmTC_2da0a.dir/link.txt --verbose=1
/usr/bin/cc  -DCHECK_FUNCTION_EXISTS=cheev_    -rdynamic CMakeFiles/cmTC_2da0a.dir/CheckFunctionExists.c.o  -o cmTC_2da0a  /usr/lib/x86_64-linux-gnu/libblas.so 
/usr/bin/ld: CMakeFiles/cmTC_2da0a.dir/CheckFunctionExists.c.o: in function `main':
CheckFunctionExists.c:(.text+0x14): undefined reference to `cheev_'
collect2: error: ld returned 1 exit status
make[1]: *** [CMakeFiles/cmTC_2da0a.dir/build.make:88: cmTC_2da0a] Error 1
make[1]: Leaving directory '/home/gaurav/fetch_ws/build/CMakeFiles/CMakeTmp'
make: *** [Makefile:121: cmTC_2da0a/fast] Error 2



Determining if the include file pgm.h exists failed with the following output:
Change Dir: /home/gaurav/fetch_ws/build/CMakeFiles/CMakeTmp

Run Build Command(s):/usr/bin/make cmTC_a58a4/fast && /usr/bin/make -f CMakeFiles/cmTC_a58a4.dir/build.make CMakeFiles/cmTC_a58a4.dir/build
make[1]: Entering directory '/home/gaurav/fetch_ws/build/CMakeFiles/CMakeTmp'
Building CXX object CMakeFiles/cmTC_a58a4.dir/CheckIncludeFile.cxx.o
/usr/bin/c++     -o CMakeFiles/cmTC_a58a4.dir/CheckIncludeFile.cxx.o -c /home/gaurav/fetch_ws/build/CMakeFiles/CMakeTmp/CheckIncludeFile.cxx
/home/gaurav/fetch_ws/build/CMakeFiles/CMakeTmp/CheckIncludeFile.cxx:1:10: fatal error: pgm.h: No such file or directory
    1 | #include <pgm.h>
      |          ^~~~~~~
compilation terminated.
make[1]: *** [CMakeFiles/cmTC_a58a4.dir/build.make:66: CMakeFiles/cmTC_a58a4.dir/CheckIncludeFile.cxx.o] Error 1
make[1]: Leaving directory '/home/gaurav/fetch_ws/build/CMakeFiles/CMakeTmp'
make: *** [Makefile:121: cmTC_a58a4/fast] Error 2



